<?xml version="1.0" ?>
<coverage branch-rate="1" branches-covered="0" branches-valid="0" complexity="0" line-rate="0.625" lines-covered="5" lines-valid="8" timestamp="1505068409319" version="4.4.1">
	<!-- Generated by coverage.py: https://coverage.readthedocs.io -->
	<!-- Based on https://raw.githubusercontent.com/cobertura/web/master/htdocs/xml/coverage-04.dtd -->
	<sources>
		<source>/Users/Zentrale/Projekte/Public/djangocms-seo</source>
	</sources>
	<packages>
		<package branch-rate="1" complexity="0" line-rate="0.625" name="djangocms_seo">
			<classes>
				<class branch-rate="1" complexity="0" filename="djangocms_seo/__init__.py" line-rate="1" name="__init__.py">
					<methods/>
					<lines>
						<line hits="1" number="1"/>
					</lines>
				</class>
				<class branch-rate="1" complexity="0" filename="djangocms_seo/apps.py" line-rate="0" name="apps.py">
					<methods/>
					<lines>
						<line hits="0" number="2"/>
						<line hits="0" number="5"/>
						<line hits="0" number="6"/>
					</lines>
				</class>
				<class branch-rate="1" complexity="0" filename="djangocms_seo/models.py" line-rate="1" name="models.py">
					<methods/>
					<lines/>
				</class>
				<class branch-rate="1" complexity="0" filename="djangocms_seo/urls.py" line-rate="1" name="urls.py">
					<methods/>
					<lines>
						<line hits="1" number="2"/>
						<line hits="1" number="3"/>
						<line hits="1" number="5"/>
						<line hits="1" number="7"/>
					</lines>
				</class>
				<class branch-rate="1" complexity="0" filename="djangocms_seo/views.py" line-rate="1" name="views.py">
					<methods/>
					<lines/>
				</class>
			</classes>
		</package>
	</packages>
</coverage>
